<?xml version="1.0" encoding="UTF-8"?>
<testsuite xmlns:xsi="http://www.w3.org/2001/XMLSchema-instance" xsi:noNamespaceSchemaLocation="https://maven.apache.org/surefire/maven-surefire-plugin/xsd/surefire-test-report.xsd" name="com.ibm.UserControllerTest" time="0.287" tests="1" errors="1" skipped="0" failures="0">
  <properties>
    <property name="java.specification.version" value="18"/>
    <property name="sun.cpu.isalist" value="amd64"/>
    <property name="sun.jnu.encoding" value="Cp1252"/>
    <property name="java.class.path" value="C:\Users\002WLD744\Documents\DSB\camel-kafka-route\target\test-classes;C:\Users\002WLD744\Documents\DSB\camel-kafka-route\target\classes;C:\Users\002WLD744\.m2\repository\org\springframework\boot\spring-boot-starter-web\2.7.10\spring-boot-starter-web-2.7.10.jar;C:\Users\002WLD744\.m2\repository\org\springframework\boot\spring-boot-starter\2.7.10\spring-boot-starter-2.7.10.jar;C:\Users\002WLD744\.m2\repository\org\springframework\boot\spring-boot-autoconfigure\2.7.10\spring-boot-autoconfigure-2.7.10.jar;C:\Users\002WLD744\.m2\repository\org\springframework\boot\spring-boot-starter-logging\2.7.10\spring-boot-starter-logging-2.7.10.jar;C:\Users\002WLD744\.m2\repository\ch\qos\logback\logback-classic\1.2.11\logback-classic-1.2.11.jar;C:\Users\002WLD744\.m2\repository\ch\qos\logback\logback-core\1.2.11\logback-core-1.2.11.jar;C:\Users\002WLD744\.m2\repository\org\apache\logging\log4j\log4j-to-slf4j\2.17.2\log4j-to-slf4j-2.17.2.jar;C:\Users\002WLD744\.m2\repository\org\apache\logging\log4j\log4j-api\2.17.2\log4j-api-2.17.2.jar;C:\Users\002WLD744\.m2\repository\org\slf4j\jul-to-slf4j\1.7.36\jul-to-slf4j-1.7.36.jar;C:\Users\002WLD744\.m2\repository\jakarta\annotation\jakarta.annotation-api\1.3.5\jakarta.annotation-api-1.3.5.jar;C:\Users\002WLD744\.m2\repository\org\yaml\snakeyaml\1.30\snakeyaml-1.30.jar;C:\Users\002WLD744\.m2\repository\org\springframework\boot\spring-boot-starter-json\2.7.10\spring-boot-starter-json-2.7.10.jar;C:\Users\002WLD744\.m2\repository\com\fasterxml\jackson\datatype\jackson-datatype-jdk8\2.13.5\jackson-datatype-jdk8-2.13.5.jar;C:\Users\002WLD744\.m2\repository\com\fasterxml\jackson\datatype\jackson-datatype-jsr310\2.13.5\jackson-datatype-jsr310-2.13.5.jar;C:\Users\002WLD744\.m2\repository\com\fasterxml\jackson\module\jackson-module-parameter-names\2.13.5\jackson-module-parameter-names-2.13.5.jar;C:\Users\002WLD744\.m2\repository\org\springframework\boot\spring-boot-starter-tomcat\2.7.10\spring-boot-starter-tomcat-2.7.10.jar;C:\Users\002WLD744\.m2\repository\org\apache\tomcat\embed\tomcat-embed-core\9.0.73\tomcat-embed-core-9.0.73.jar;C:\Users\002WLD744\.m2\repository\org\apache\tomcat\embed\tomcat-embed-el\9.0.73\tomcat-embed-el-9.0.73.jar;C:\Users\002WLD744\.m2\repository\org\apache\tomcat\embed\tomcat-embed-websocket\9.0.73\tomcat-embed-websocket-9.0.73.jar;C:\Users\002WLD744\.m2\repository\org\springframework\spring-web\5.3.26\spring-web-5.3.26.jar;C:\Users\002WLD744\.m2\repository\org\springframework\spring-beans\5.3.26\spring-beans-5.3.26.jar;C:\Users\002WLD744\.m2\repository\org\springframework\spring-webmvc\5.3.26\spring-webmvc-5.3.26.jar;C:\Users\002WLD744\.m2\repository\org\springframework\spring-aop\5.3.26\spring-aop-5.3.26.jar;C:\Users\002WLD744\.m2\repository\org\springframework\spring-context\5.3.26\spring-context-5.3.26.jar;C:\Users\002WLD744\.m2\repository\org\springframework\spring-expression\5.3.26\spring-expression-5.3.26.jar;C:\Users\002WLD744\.m2\repository\org\apache\camel\camel-xmljson\2.19.0\camel-xmljson-2.19.0.jar;C:\Users\002WLD744\.m2\repository\org\apache\camel\camel-core\2.19.0\camel-core-2.19.0.jar;C:\Users\002WLD744\.m2\repository\org\slf4j\slf4j-api\1.7.36\slf4j-api-1.7.36.jar;C:\Users\002WLD744\.m2\repository\com\sun\xml\bind\jaxb-core\2.2.11\jaxb-core-2.2.11.jar;C:\Users\002WLD744\.m2\repository\com\sun\xml\bind\jaxb-impl\2.2.11\jaxb-impl-2.2.11.jar;C:\Users\002WLD744\.m2\repository\net\sf\json-lib\json-lib\2.4\json-lib-2.4-jdk15.jar;C:\Users\002WLD744\.m2\repository\commons-beanutils\commons-beanutils\1.8.0\commons-beanutils-1.8.0.jar;C:\Users\002WLD744\.m2\repository\commons-collections\commons-collections\3.2.1\commons-collections-3.2.1.jar;C:\Users\002WLD744\.m2\repository\commons-logging\commons-logging\1.1.1\commons-logging-1.1.1.jar;C:\Users\002WLD744\.m2\repository\net\sf\ezmorph\ezmorph\1.0.6\ezmorph-1.0.6.jar;C:\Users\002WLD744\.m2\repository\commons-lang\commons-lang\2.6\commons-lang-2.6.jar;C:\Users\002WLD744\.m2\repository\org\apache\camel\camel-kafka\2.16.0\camel-kafka-2.16.0.jar;C:\Users\002WLD744\.m2\repository\org\apache\kafka\kafka_2.11\0.8.2.1\kafka_2.11-0.8.2.1.jar;C:\Users\002WLD744\.m2\repository\org\scala-lang\modules\scala-xml_2.11\1.0.2\scala-xml_2.11-1.0.2.jar;C:\Users\002WLD744\.m2\repository\com\yammer\metrics\metrics-core\2.2.0\metrics-core-2.2.0.jar;C:\Users\002WLD744\.m2\repository\net\sf\jopt-simple\jopt-simple\3.2\jopt-simple-3.2.jar;C:\Users\002WLD744\.m2\repository\org\scala-lang\modules\scala-parser-combinators_2.11\1.0.2\scala-parser-combinators_2.11-1.0.2.jar;C:\Users\002WLD744\.m2\repository\com\101tec\zkclient\0.3\zkclient-0.3.jar;C:\Users\002WLD744\.m2\repository\log4j\log4j\1.2.14\log4j-1.2.14.jar;C:\Users\002WLD744\.m2\repository\org\apache\kafka\kafka-clients\3.1.2\kafka-clients-3.1.2.jar;C:\Users\002WLD744\.m2\repository\com\github\luben\zstd-jni\1.5.0-4\zstd-jni-1.5.0-4.jar;C:\Users\002WLD744\.m2\repository\org\lz4\lz4-java\1.8.0\lz4-java-1.8.0.jar;C:\Users\002WLD744\.m2\repository\org\xerial\snappy\snappy-java\1.1.8.4\snappy-java-1.1.8.4.jar;C:\Users\002WLD744\.m2\repository\org\apache\zookeeper\zookeeper\3.4.6\zookeeper-3.4.6.jar;C:\Users\002WLD744\.m2\repository\org\slf4j\slf4j-reload4j\1.7.36\slf4j-reload4j-1.7.36.jar;C:\Users\002WLD744\.m2\repository\ch\qos\reload4j\reload4j\1.2.19\reload4j-1.2.19.jar;C:\Users\002WLD744\.m2\repository\jline\jline\0.9.94\jline-0.9.94.jar;C:\Users\002WLD744\.m2\repository\junit\junit\4.13.2\junit-4.13.2.jar;C:\Users\002WLD744\.m2\repository\org\hamcrest\hamcrest-core\2.2\hamcrest-core-2.2.jar;C:\Users\002WLD744\.m2\repository\org\hamcrest\hamcrest\2.2\hamcrest-2.2.jar;C:\Users\002WLD744\.m2\repository\io\netty\netty\3.7.0.Final\netty-3.7.0.Final.jar;C:\Users\002WLD744\.m2\repository\org\apache\camel\camel-spring-boot-starter\2.17.3\camel-spring-boot-starter-2.17.3.jar;C:\Users\002WLD744\.m2\repository\org\apache\camel\camel-spring-boot\2.17.3\camel-spring-boot-2.17.3.jar;C:\Users\002WLD744\.m2\repository\org\apache\camel\camel-spring\2.17.3\camel-spring-2.17.3.jar;C:\Users\002WLD744\.m2\repository\org\springframework\spring-tx\5.3.26\spring-tx-5.3.26.jar;C:\Users\002WLD744\.m2\repository\org\scala-lang\scala-library\2.11.0\scala-library-2.11.0.jar;C:\Users\002WLD744\.m2\repository\org\apache\camel\camel-jackson\3.20.3\camel-jackson-3.20.3.jar;C:\Users\002WLD744\.m2\repository\org\apache\camel\camel-core-engine\3.20.3\camel-core-engine-3.20.3.jar;C:\Users\002WLD744\.m2\repository\org\apache\camel\camel-api\3.20.3\camel-api-3.20.3.jar;C:\Users\002WLD744\.m2\repository\jakarta\xml\bind\jakarta.xml.bind-api\2.3.3\jakarta.xml.bind-api-2.3.3.jar;C:\Users\002WLD744\.m2\repository\jakarta\activation\jakarta.activation-api\1.2.2\jakarta.activation-api-1.2.2.jar;C:\Users\002WLD744\.m2\repository\org\apache\camel\camel-base-engine\3.20.3\camel-base-engine-3.20.3.jar;C:\Users\002WLD744\.m2\repository\org\apache\camel\camel-base\3.20.3\camel-base-3.20.3.jar;C:\Users\002WLD744\.m2\repository\org\apache\camel\camel-core-reifier\3.20.3\camel-core-reifier-3.20.3.jar;C:\Users\002WLD744\.m2\repository\org\apache\camel\camel-core-model\3.20.3\camel-core-model-3.20.3.jar;C:\Users\002WLD744\.m2\repository\org\apache\camel\camel-core-processor\3.20.3\camel-core-processor-3.20.3.jar;C:\Users\002WLD744\.m2\repository\org\apache\camel\camel-management-api\3.20.3\camel-management-api-3.20.3.jar;C:\Users\002WLD744\.m2\repository\org\apache\camel\camel-support\3.20.3\camel-support-3.20.3.jar;C:\Users\002WLD744\.m2\repository\org\apache\camel\camel-util\3.20.3\camel-util-3.20.3.jar;C:\Users\002WLD744\.m2\repository\com\fasterxml\jackson\core\jackson-databind\2.13.5\jackson-databind-2.13.5.jar;C:\Users\002WLD744\.m2\repository\com\fasterxml\jackson\core\jackson-annotations\2.13.5\jackson-annotations-2.13.5.jar;C:\Users\002WLD744\.m2\repository\com\fasterxml\jackson\core\jackson-core\2.13.5\jackson-core-2.13.5.jar;C:\Users\002WLD744\.m2\repository\org\springframework\boot\spring-boot-test\1.4.0.RELEASE\spring-boot-test-1.4.0.RELEASE.jar;C:\Users\002WLD744\.m2\repository\org\springframework\boot\spring-boot\2.7.10\spring-boot-2.7.10.jar;C:\Users\002WLD744\.m2\repository\org\junit\jupiter\junit-jupiter-api\5.9.2\junit-jupiter-api-5.9.2.jar;C:\Users\002WLD744\.m2\repository\org\opentest4j\opentest4j\1.2.0\opentest4j-1.2.0.jar;C:\Users\002WLD744\.m2\repository\org\junit\platform\junit-platform-commons\1.8.2\junit-platform-commons-1.8.2.jar;C:\Users\002WLD744\.m2\repository\org\apiguardian\apiguardian-api\1.1.2\apiguardian-api-1.1.2.jar;C:\Users\002WLD744\.m2\repository\org\apache\camel\springboot\camel-spring-boot-starter\3.20.3\camel-spring-boot-starter-3.20.3.jar;C:\Users\002WLD744\.m2\repository\org\apache\camel\springboot\camel-spring-boot\3.20.3\camel-spring-boot-3.20.3.jar;C:\Users\002WLD744\.m2\repository\org\apache\camel\camel-spring-main\3.20.3\camel-spring-main-3.20.3.jar;C:\Users\002WLD744\.m2\repository\org\apache\camel\camel-main\3.20.3\camel-main-3.20.3.jar;C:\Users\002WLD744\.m2\repository\org\apache\camel\camel-core-languages\3.20.3\camel-core-languages-3.20.3.jar;C:\Users\002WLD744\.m2\repository\org\apache\camel\camel-util-json\3.20.3\camel-util-json-3.20.3.jar;C:\Users\002WLD744\.m2\repository\org\apache\camel\camel-xml-jaxb-dsl\3.20.3\camel-xml-jaxb-dsl-3.20.3.jar;C:\Users\002WLD744\.m2\repository\org\apache\camel\camel-xml-jaxb\3.20.3\camel-xml-jaxb-3.20.3.jar;C:\Users\002WLD744\.m2\repository\org\apache\camel\camel-dsl-support\3.20.3\camel-dsl-support-3.20.3.jar;C:\Users\002WLD744\.m2\repository\org\apache\camel\camel-spring-xml\3.20.3\camel-spring-xml-3.20.3.jar;C:\Users\002WLD744\.m2\repository\org\apache\camel\camel-core-xml\3.20.3\camel-core-xml-3.20.3.jar;C:\Users\002WLD744\.m2\repository\javax\annotation\javax.annotation-api\1.3.2\javax.annotation-api-1.3.2.jar;C:\Users\002WLD744\.m2\repository\org\apache\camel\camel-cloud\3.20.3\camel-cloud-3.20.3.jar;C:\Users\002WLD744\.m2\repository\org\apache\camel\camel-cluster\3.20.3\camel-cluster-3.20.3.jar;C:\Users\002WLD744\.m2\repository\org\apache\camel\camel-health\3.20.3\camel-health-3.20.3.jar;C:\Users\002WLD744\.m2\repository\org\apache\camel\springboot\camel-core-starter\3.20.3\camel-core-starter-3.20.3.jar;C:\Users\002WLD744\.m2\repository\org\apache\camel\springboot\camel-bean-starter\3.20.3\camel-bean-starter-3.20.3.jar;C:\Users\002WLD744\.m2\repository\org\apache\camel\camel-bean\3.20.3\camel-bean-3.20.3.jar;C:\Users\002WLD744\.m2\repository\org\apache\camel\springboot\camel-browse-starter\3.20.3\camel-browse-starter-3.20.3.jar;C:\Users\002WLD744\.m2\repository\org\apache\camel\camel-browse\3.20.3\camel-browse-3.20.3.jar;C:\Users\002WLD744\.m2\repository\org\apache\camel\springboot\camel-controlbus-starter\3.20.3\camel-controlbus-starter-3.20.3.jar;C:\Users\002WLD744\.m2\repository\org\apache\camel\camel-controlbus\3.20.3\camel-controlbus-3.20.3.jar;C:\Users\002WLD744\.m2\repository\org\apache\camel\springboot\camel-dataformat-starter\3.20.3\camel-dataformat-starter-3.20.3.jar;C:\Users\002WLD744\.m2\repository\org\apache\camel\camel-dataformat\3.20.3\camel-dataformat-3.20.3.jar;C:\Users\002WLD744\.m2\repository\org\apache\camel\springboot\camel-dataset-starter\3.20.3\camel-dataset-starter-3.20.3.jar;C:\Users\002WLD744\.m2\repository\org\apache\camel\camel-dataset\3.20.3\camel-dataset-3.20.3.jar;C:\Users\002WLD744\.m2\repository\org\apache\camel\springboot\camel-direct-starter\3.20.3\camel-direct-starter-3.20.3.jar;C:\Users\002WLD744\.m2\repository\org\apache\camel\camel-direct\3.20.3\camel-direct-3.20.3.jar;C:\Users\002WLD744\.m2\repository\org\apache\camel\springboot\camel-directvm-starter\3.20.3\camel-directvm-starter-3.20.3.jar;C:\Users\002WLD744\.m2\repository\org\apache\camel\camel-directvm\3.20.3\camel-directvm-3.20.3.jar;C:\Users\002WLD744\.m2\repository\org\apache\camel\springboot\camel-file-starter\3.20.3\camel-file-starter-3.20.3.jar;C:\Users\002WLD744\.m2\repository\org\apache\camel\camel-file\3.20.3\camel-file-3.20.3.jar;C:\Users\002WLD744\.m2\repository\org\apache\camel\springboot\camel-language-starter\3.20.3\camel-language-starter-3.20.3.jar;C:\Users\002WLD744\.m2\repository\org\apache\camel\camel-language\3.20.3\camel-language-3.20.3.jar;C:\Users\002WLD744\.m2\repository\org\apache\camel\springboot\camel-log-starter\3.20.3\camel-log-starter-3.20.3.jar;C:\Users\002WLD744\.m2\repository\org\apache\camel\camel-log\3.20.3\camel-log-3.20.3.jar;C:\Users\002WLD744\.m2\repository\org\apache\camel\springboot\camel-mock-starter\3.20.3\camel-mock-starter-3.20.3.jar;C:\Users\002WLD744\.m2\repository\org\apache\camel\camel-mock\3.20.3\camel-mock-3.20.3.jar;C:\Users\002WLD744\.m2\repository\org\apache\camel\springboot\camel-ref-starter\3.20.3\camel-ref-starter-3.20.3.jar;C:\Users\002WLD744\.m2\repository\org\apache\camel\camel-ref\3.20.3\camel-ref-3.20.3.jar;C:\Users\002WLD744\.m2\repository\org\apache\camel\springboot\camel-rest-starter\3.20.3\camel-rest-starter-3.20.3.jar;C:\Users\002WLD744\.m2\repository\org\apache\camel\camel-rest\3.20.3\camel-rest-3.20.3.jar;C:\Users\002WLD744\.m2\repository\org\apache\camel\camel-tooling-model\3.20.3\camel-tooling-model-3.20.3.jar;C:\Users\002WLD744\.m2\repository\org\apache\camel\springboot\camel-saga-starter\3.20.3\camel-saga-starter-3.20.3.jar;C:\Users\002WLD744\.m2\repository\org\apache\camel\camel-saga\3.20.3\camel-saga-3.20.3.jar;C:\Users\002WLD744\.m2\repository\org\apache\camel\springboot\camel-scheduler-starter\3.20.3\camel-scheduler-starter-3.20.3.jar;C:\Users\002WLD744\.m2\repository\org\apache\camel\camel-scheduler\3.20.3\camel-scheduler-3.20.3.jar;C:\Users\002WLD744\.m2\repository\org\apache\camel\springboot\camel-seda-starter\3.20.3\camel-seda-starter-3.20.3.jar;C:\Users\002WLD744\.m2\repository\org\apache\camel\camel-seda\3.20.3\camel-seda-3.20.3.jar;C:\Users\002WLD744\.m2\repository\org\apache\camel\springboot\camel-stub-starter\3.20.3\camel-stub-starter-3.20.3.jar;C:\Users\002WLD744\.m2\repository\org\apache\camel\camel-stub\3.20.3\camel-stub-3.20.3.jar;C:\Users\002WLD744\.m2\repository\org\apache\camel\springboot\camel-timer-starter\3.20.3\camel-timer-starter-3.20.3.jar;C:\Users\002WLD744\.m2\repository\org\apache\camel\camel-timer\3.20.3\camel-timer-3.20.3.jar;C:\Users\002WLD744\.m2\repository\org\apache\camel\springboot\camel-validator-starter\3.20.3\camel-validator-starter-3.20.3.jar;C:\Users\002WLD744\.m2\repository\org\apache\camel\camel-validator\3.20.3\camel-validator-3.20.3.jar;C:\Users\002WLD744\.m2\repository\org\apache\camel\springboot\camel-vm-starter\3.20.3\camel-vm-starter-3.20.3.jar;C:\Users\002WLD744\.m2\repository\org\apache\camel\camel-vm\3.20.3\camel-vm-3.20.3.jar;C:\Users\002WLD744\.m2\repository\org\apache\camel\springboot\camel-xpath-starter\3.20.3\camel-xpath-starter-3.20.3.jar;C:\Users\002WLD744\.m2\repository\org\apache\camel\camel-xpath\3.20.3\camel-xpath-3.20.3.jar;C:\Users\002WLD744\.m2\repository\org\apache\camel\springboot\camel-xslt-starter\3.20.3\camel-xslt-starter-3.20.3.jar;C:\Users\002WLD744\.m2\repository\org\apache\camel\camel-xslt\3.20.3\camel-xslt-3.20.3.jar;C:\Users\002WLD744\.m2\repository\org\apache\camel\springboot\camel-xml-jaxp-starter\3.20.3\camel-xml-jaxp-starter-3.20.3.jar;C:\Users\002WLD744\.m2\repository\org\apache\camel\camel-xml-jaxp\3.20.3\camel-xml-jaxp-3.20.3.jar;C:\Users\002WLD744\.m2\repository\org\apache\camel\camel-xml-io-util\3.20.3\camel-xml-io-util-3.20.3.jar;C:\Users\002WLD744\.m2\repository\org\springframework\spring-test\4.3.10.RELEASE\spring-test-4.3.10.RELEASE.jar;C:\Users\002WLD744\.m2\repository\org\springframework\spring-core\5.3.26\spring-core-5.3.26.jar;C:\Users\002WLD744\.m2\repository\org\springframework\spring-jcl\5.3.26\spring-jcl-5.3.26.jar;"/>
    <property name="java.vm.vendor" value="Oracle Corporation"/>
    <property name="sun.arch.data.model" value="64"/>
    <property name="user.variant" value=""/>
    <property name="java.vendor.url" value="https://java.oracle.com/"/>
    <property name="user.timezone" value="Asia/Calcutta"/>
    <property name="os.name" value="Windows 11"/>
    <property name="java.vm.specification.version" value="18"/>
    <property name="sun.java.launcher" value="SUN_STANDARD"/>
    <property name="user.country" value="IN"/>
    <property name="sun.boot.library.path" value="C:\Users\002WLD744\Softwares\jdk-18.0.1.1\bin"/>
    <property name="sun.java.command" value="C:\Users\002WLD~1\AppData\Local\Temp\surefire2762029551152778082\surefirebooter193089564471092761.jar C:\Users\002WLD744\AppData\Local\Temp\surefire2762029551152778082 2023-04-14T21-13-57_382-jvmRun1 surefire11247046957259168080tmp surefire_02686011889381094602tmp"/>
    <property name="jdk.debug" value="release"/>
    <property name="surefire.test.class.path" value="C:\Users\002WLD744\Documents\DSB\camel-kafka-route\target\test-classes;C:\Users\002WLD744\Documents\DSB\camel-kafka-route\target\classes;C:\Users\002WLD744\.m2\repository\org\springframework\boot\spring-boot-starter-web\2.7.10\spring-boot-starter-web-2.7.10.jar;C:\Users\002WLD744\.m2\repository\org\springframework\boot\spring-boot-starter\2.7.10\spring-boot-starter-2.7.10.jar;C:\Users\002WLD744\.m2\repository\org\springframework\boot\spring-boot-autoconfigure\2.7.10\spring-boot-autoconfigure-2.7.10.jar;C:\Users\002WLD744\.m2\repository\org\springframework\boot\spring-boot-starter-logging\2.7.10\spring-boot-starter-logging-2.7.10.jar;C:\Users\002WLD744\.m2\repository\ch\qos\logback\logback-classic\1.2.11\logback-classic-1.2.11.jar;C:\Users\002WLD744\.m2\repository\ch\qos\logback\logback-core\1.2.11\logback-core-1.2.11.jar;C:\Users\002WLD744\.m2\repository\org\apache\logging\log4j\log4j-to-slf4j\2.17.2\log4j-to-slf4j-2.17.2.jar;C:\Users\002WLD744\.m2\repository\org\apache\logging\log4j\log4j-api\2.17.2\log4j-api-2.17.2.jar;C:\Users\002WLD744\.m2\repository\org\slf4j\jul-to-slf4j\1.7.36\jul-to-slf4j-1.7.36.jar;C:\Users\002WLD744\.m2\repository\jakarta\annotation\jakarta.annotation-api\1.3.5\jakarta.annotation-api-1.3.5.jar;C:\Users\002WLD744\.m2\repository\org\yaml\snakeyaml\1.30\snakeyaml-1.30.jar;C:\Users\002WLD744\.m2\repository\org\springframework\boot\spring-boot-starter-json\2.7.10\spring-boot-starter-json-2.7.10.jar;C:\Users\002WLD744\.m2\repository\com\fasterxml\jackson\datatype\jackson-datatype-jdk8\2.13.5\jackson-datatype-jdk8-2.13.5.jar;C:\Users\002WLD744\.m2\repository\com\fasterxml\jackson\datatype\jackson-datatype-jsr310\2.13.5\jackson-datatype-jsr310-2.13.5.jar;C:\Users\002WLD744\.m2\repository\com\fasterxml\jackson\module\jackson-module-parameter-names\2.13.5\jackson-module-parameter-names-2.13.5.jar;C:\Users\002WLD744\.m2\repository\org\springframework\boot\spring-boot-starter-tomcat\2.7.10\spring-boot-starter-tomcat-2.7.10.jar;C:\Users\002WLD744\.m2\repository\org\apache\tomcat\embed\tomcat-embed-core\9.0.73\tomcat-embed-core-9.0.73.jar;C:\Users\002WLD744\.m2\repository\org\apache\tomcat\embed\tomcat-embed-el\9.0.73\tomcat-embed-el-9.0.73.jar;C:\Users\002WLD744\.m2\repository\org\apache\tomcat\embed\tomcat-embed-websocket\9.0.73\tomcat-embed-websocket-9.0.73.jar;C:\Users\002WLD744\.m2\repository\org\springframework\spring-web\5.3.26\spring-web-5.3.26.jar;C:\Users\002WLD744\.m2\repository\org\springframework\spring-beans\5.3.26\spring-beans-5.3.26.jar;C:\Users\002WLD744\.m2\repository\org\springframework\spring-webmvc\5.3.26\spring-webmvc-5.3.26.jar;C:\Users\002WLD744\.m2\repository\org\springframework\spring-aop\5.3.26\spring-aop-5.3.26.jar;C:\Users\002WLD744\.m2\repository\org\springframework\spring-context\5.3.26\spring-context-5.3.26.jar;C:\Users\002WLD744\.m2\repository\org\springframework\spring-expression\5.3.26\spring-expression-5.3.26.jar;C:\Users\002WLD744\.m2\repository\org\apache\camel\camel-xmljson\2.19.0\camel-xmljson-2.19.0.jar;C:\Users\002WLD744\.m2\repository\org\apache\camel\camel-core\2.19.0\camel-core-2.19.0.jar;C:\Users\002WLD744\.m2\repository\org\slf4j\slf4j-api\1.7.36\slf4j-api-1.7.36.jar;C:\Users\002WLD744\.m2\repository\com\sun\xml\bind\jaxb-core\2.2.11\jaxb-core-2.2.11.jar;C:\Users\002WLD744\.m2\repository\com\sun\xml\bind\jaxb-impl\2.2.11\jaxb-impl-2.2.11.jar;C:\Users\002WLD744\.m2\repository\net\sf\json-lib\json-lib\2.4\json-lib-2.4-jdk15.jar;C:\Users\002WLD744\.m2\repository\commons-beanutils\commons-beanutils\1.8.0\commons-beanutils-1.8.0.jar;C:\Users\002WLD744\.m2\repository\commons-collections\commons-collections\3.2.1\commons-collections-3.2.1.jar;C:\Users\002WLD744\.m2\repository\commons-logging\commons-logging\1.1.1\commons-logging-1.1.1.jar;C:\Users\002WLD744\.m2\repository\net\sf\ezmorph\ezmorph\1.0.6\ezmorph-1.0.6.jar;C:\Users\002WLD744\.m2\repository\commons-lang\commons-lang\2.6\commons-lang-2.6.jar;C:\Users\002WLD744\.m2\repository\org\apache\camel\camel-kafka\2.16.0\camel-kafka-2.16.0.jar;C:\Users\002WLD744\.m2\repository\org\apache\kafka\kafka_2.11\0.8.2.1\kafka_2.11-0.8.2.1.jar;C:\Users\002WLD744\.m2\repository\org\scala-lang\modules\scala-xml_2.11\1.0.2\scala-xml_2.11-1.0.2.jar;C:\Users\002WLD744\.m2\repository\com\yammer\metrics\metrics-core\2.2.0\metrics-core-2.2.0.jar;C:\Users\002WLD744\.m2\repository\net\sf\jopt-simple\jopt-simple\3.2\jopt-simple-3.2.jar;C:\Users\002WLD744\.m2\repository\org\scala-lang\modules\scala-parser-combinators_2.11\1.0.2\scala-parser-combinators_2.11-1.0.2.jar;C:\Users\002WLD744\.m2\repository\com\101tec\zkclient\0.3\zkclient-0.3.jar;C:\Users\002WLD744\.m2\repository\log4j\log4j\1.2.14\log4j-1.2.14.jar;C:\Users\002WLD744\.m2\repository\org\apache\kafka\kafka-clients\3.1.2\kafka-clients-3.1.2.jar;C:\Users\002WLD744\.m2\repository\com\github\luben\zstd-jni\1.5.0-4\zstd-jni-1.5.0-4.jar;C:\Users\002WLD744\.m2\repository\org\lz4\lz4-java\1.8.0\lz4-java-1.8.0.jar;C:\Users\002WLD744\.m2\repository\org\xerial\snappy\snappy-java\1.1.8.4\snappy-java-1.1.8.4.jar;C:\Users\002WLD744\.m2\repository\org\apache\zookeeper\zookeeper\3.4.6\zookeeper-3.4.6.jar;C:\Users\002WLD744\.m2\repository\org\slf4j\slf4j-reload4j\1.7.36\slf4j-reload4j-1.7.36.jar;C:\Users\002WLD744\.m2\repository\ch\qos\reload4j\reload4j\1.2.19\reload4j-1.2.19.jar;C:\Users\002WLD744\.m2\repository\jline\jline\0.9.94\jline-0.9.94.jar;C:\Users\002WLD744\.m2\repository\junit\junit\4.13.2\junit-4.13.2.jar;C:\Users\002WLD744\.m2\repository\org\hamcrest\hamcrest-core\2.2\hamcrest-core-2.2.jar;C:\Users\002WLD744\.m2\repository\org\hamcrest\hamcrest\2.2\hamcrest-2.2.jar;C:\Users\002WLD744\.m2\repository\io\netty\netty\3.7.0.Final\netty-3.7.0.Final.jar;C:\Users\002WLD744\.m2\repository\org\apache\camel\camel-spring-boot-starter\2.17.3\camel-spring-boot-starter-2.17.3.jar;C:\Users\002WLD744\.m2\repository\org\apache\camel\camel-spring-boot\2.17.3\camel-spring-boot-2.17.3.jar;C:\Users\002WLD744\.m2\repository\org\apache\camel\camel-spring\2.17.3\camel-spring-2.17.3.jar;C:\Users\002WLD744\.m2\repository\org\springframework\spring-tx\5.3.26\spring-tx-5.3.26.jar;C:\Users\002WLD744\.m2\repository\org\scala-lang\scala-library\2.11.0\scala-library-2.11.0.jar;C:\Users\002WLD744\.m2\repository\org\apache\camel\camel-jackson\3.20.3\camel-jackson-3.20.3.jar;C:\Users\002WLD744\.m2\repository\org\apache\camel\camel-core-engine\3.20.3\camel-core-engine-3.20.3.jar;C:\Users\002WLD744\.m2\repository\org\apache\camel\camel-api\3.20.3\camel-api-3.20.3.jar;C:\Users\002WLD744\.m2\repository\jakarta\xml\bind\jakarta.xml.bind-api\2.3.3\jakarta.xml.bind-api-2.3.3.jar;C:\Users\002WLD744\.m2\repository\jakarta\activation\jakarta.activation-api\1.2.2\jakarta.activation-api-1.2.2.jar;C:\Users\002WLD744\.m2\repository\org\apache\camel\camel-base-engine\3.20.3\camel-base-engine-3.20.3.jar;C:\Users\002WLD744\.m2\repository\org\apache\camel\camel-base\3.20.3\camel-base-3.20.3.jar;C:\Users\002WLD744\.m2\repository\org\apache\camel\camel-core-reifier\3.20.3\camel-core-reifier-3.20.3.jar;C:\Users\002WLD744\.m2\repository\org\apache\camel\camel-core-model\3.20.3\camel-core-model-3.20.3.jar;C:\Users\002WLD744\.m2\repository\org\apache\camel\camel-core-processor\3.20.3\camel-core-processor-3.20.3.jar;C:\Users\002WLD744\.m2\repository\org\apache\camel\camel-management-api\3.20.3\camel-management-api-3.20.3.jar;C:\Users\002WLD744\.m2\repository\org\apache\camel\camel-support\3.20.3\camel-support-3.20.3.jar;C:\Users\002WLD744\.m2\repository\org\apache\camel\camel-util\3.20.3\camel-util-3.20.3.jar;C:\Users\002WLD744\.m2\repository\com\fasterxml\jackson\core\jackson-databind\2.13.5\jackson-databind-2.13.5.jar;C:\Users\002WLD744\.m2\repository\com\fasterxml\jackson\core\jackson-annotations\2.13.5\jackson-annotations-2.13.5.jar;C:\Users\002WLD744\.m2\repository\com\fasterxml\jackson\core\jackson-core\2.13.5\jackson-core-2.13.5.jar;C:\Users\002WLD744\.m2\repository\org\springframework\boot\spring-boot-test\1.4.0.RELEASE\spring-boot-test-1.4.0.RELEASE.jar;C:\Users\002WLD744\.m2\repository\org\springframework\boot\spring-boot\2.7.10\spring-boot-2.7.10.jar;C:\Users\002WLD744\.m2\repository\org\junit\jupiter\junit-jupiter-api\5.9.2\junit-jupiter-api-5.9.2.jar;C:\Users\002WLD744\.m2\repository\org\opentest4j\opentest4j\1.2.0\opentest4j-1.2.0.jar;C:\Users\002WLD744\.m2\repository\org\junit\platform\junit-platform-commons\1.8.2\junit-platform-commons-1.8.2.jar;C:\Users\002WLD744\.m2\repository\org\apiguardian\apiguardian-api\1.1.2\apiguardian-api-1.1.2.jar;C:\Users\002WLD744\.m2\repository\org\apache\camel\springboot\camel-spring-boot-starter\3.20.3\camel-spring-boot-starter-3.20.3.jar;C:\Users\002WLD744\.m2\repository\org\apache\camel\springboot\camel-spring-boot\3.20.3\camel-spring-boot-3.20.3.jar;C:\Users\002WLD744\.m2\repository\org\apache\camel\camel-spring-main\3.20.3\camel-spring-main-3.20.3.jar;C:\Users\002WLD744\.m2\repository\org\apache\camel\camel-main\3.20.3\camel-main-3.20.3.jar;C:\Users\002WLD744\.m2\repository\org\apache\camel\camel-core-languages\3.20.3\camel-core-languages-3.20.3.jar;C:\Users\002WLD744\.m2\repository\org\apache\camel\camel-util-json\3.20.3\camel-util-json-3.20.3.jar;C:\Users\002WLD744\.m2\repository\org\apache\camel\camel-xml-jaxb-dsl\3.20.3\camel-xml-jaxb-dsl-3.20.3.jar;C:\Users\002WLD744\.m2\repository\org\apache\camel\camel-xml-jaxb\3.20.3\camel-xml-jaxb-3.20.3.jar;C:\Users\002WLD744\.m2\repository\org\apache\camel\camel-dsl-support\3.20.3\camel-dsl-support-3.20.3.jar;C:\Users\002WLD744\.m2\repository\org\apache\camel\camel-spring-xml\3.20.3\camel-spring-xml-3.20.3.jar;C:\Users\002WLD744\.m2\repository\org\apache\camel\camel-core-xml\3.20.3\camel-core-xml-3.20.3.jar;C:\Users\002WLD744\.m2\repository\javax\annotation\javax.annotation-api\1.3.2\javax.annotation-api-1.3.2.jar;C:\Users\002WLD744\.m2\repository\org\apache\camel\camel-cloud\3.20.3\camel-cloud-3.20.3.jar;C:\Users\002WLD744\.m2\repository\org\apache\camel\camel-cluster\3.20.3\camel-cluster-3.20.3.jar;C:\Users\002WLD744\.m2\repository\org\apache\camel\camel-health\3.20.3\camel-health-3.20.3.jar;C:\Users\002WLD744\.m2\repository\org\apache\camel\springboot\camel-core-starter\3.20.3\camel-core-starter-3.20.3.jar;C:\Users\002WLD744\.m2\repository\org\apache\camel\springboot\camel-bean-starter\3.20.3\camel-bean-starter-3.20.3.jar;C:\Users\002WLD744\.m2\repository\org\apache\camel\camel-bean\3.20.3\camel-bean-3.20.3.jar;C:\Users\002WLD744\.m2\repository\org\apache\camel\springboot\camel-browse-starter\3.20.3\camel-browse-starter-3.20.3.jar;C:\Users\002WLD744\.m2\repository\org\apache\camel\camel-browse\3.20.3\camel-browse-3.20.3.jar;C:\Users\002WLD744\.m2\repository\org\apache\camel\springboot\camel-controlbus-starter\3.20.3\camel-controlbus-starter-3.20.3.jar;C:\Users\002WLD744\.m2\repository\org\apache\camel\camel-controlbus\3.20.3\camel-controlbus-3.20.3.jar;C:\Users\002WLD744\.m2\repository\org\apache\camel\springboot\camel-dataformat-starter\3.20.3\camel-dataformat-starter-3.20.3.jar;C:\Users\002WLD744\.m2\repository\org\apache\camel\camel-dataformat\3.20.3\camel-dataformat-3.20.3.jar;C:\Users\002WLD744\.m2\repository\org\apache\camel\springboot\camel-dataset-starter\3.20.3\camel-dataset-starter-3.20.3.jar;C:\Users\002WLD744\.m2\repository\org\apache\camel\camel-dataset\3.20.3\camel-dataset-3.20.3.jar;C:\Users\002WLD744\.m2\repository\org\apache\camel\springboot\camel-direct-starter\3.20.3\camel-direct-starter-3.20.3.jar;C:\Users\002WLD744\.m2\repository\org\apache\camel\camel-direct\3.20.3\camel-direct-3.20.3.jar;C:\Users\002WLD744\.m2\repository\org\apache\camel\springboot\camel-directvm-starter\3.20.3\camel-directvm-starter-3.20.3.jar;C:\Users\002WLD744\.m2\repository\org\apache\camel\camel-directvm\3.20.3\camel-directvm-3.20.3.jar;C:\Users\002WLD744\.m2\repository\org\apache\camel\springboot\camel-file-starter\3.20.3\camel-file-starter-3.20.3.jar;C:\Users\002WLD744\.m2\repository\org\apache\camel\camel-file\3.20.3\camel-file-3.20.3.jar;C:\Users\002WLD744\.m2\repository\org\apache\camel\springboot\camel-language-starter\3.20.3\camel-language-starter-3.20.3.jar;C:\Users\002WLD744\.m2\repository\org\apache\camel\camel-language\3.20.3\camel-language-3.20.3.jar;C:\Users\002WLD744\.m2\repository\org\apache\camel\springboot\camel-log-starter\3.20.3\camel-log-starter-3.20.3.jar;C:\Users\002WLD744\.m2\repository\org\apache\camel\camel-log\3.20.3\camel-log-3.20.3.jar;C:\Users\002WLD744\.m2\repository\org\apache\camel\springboot\camel-mock-starter\3.20.3\camel-mock-starter-3.20.3.jar;C:\Users\002WLD744\.m2\repository\org\apache\camel\camel-mock\3.20.3\camel-mock-3.20.3.jar;C:\Users\002WLD744\.m2\repository\org\apache\camel\springboot\camel-ref-starter\3.20.3\camel-ref-starter-3.20.3.jar;C:\Users\002WLD744\.m2\repository\org\apache\camel\camel-ref\3.20.3\camel-ref-3.20.3.jar;C:\Users\002WLD744\.m2\repository\org\apache\camel\springboot\camel-rest-starter\3.20.3\camel-rest-starter-3.20.3.jar;C:\Users\002WLD744\.m2\repository\org\apache\camel\camel-rest\3.20.3\camel-rest-3.20.3.jar;C:\Users\002WLD744\.m2\repository\org\apache\camel\camel-tooling-model\3.20.3\camel-tooling-model-3.20.3.jar;C:\Users\002WLD744\.m2\repository\org\apache\camel\springboot\camel-saga-starter\3.20.3\camel-saga-starter-3.20.3.jar;C:\Users\002WLD744\.m2\repository\org\apache\camel\camel-saga\3.20.3\camel-saga-3.20.3.jar;C:\Users\002WLD744\.m2\repository\org\apache\camel\springboot\camel-scheduler-starter\3.20.3\camel-scheduler-starter-3.20.3.jar;C:\Users\002WLD744\.m2\repository\org\apache\camel\camel-scheduler\3.20.3\camel-scheduler-3.20.3.jar;C:\Users\002WLD744\.m2\repository\org\apache\camel\springboot\camel-seda-starter\3.20.3\camel-seda-starter-3.20.3.jar;C:\Users\002WLD744\.m2\repository\org\apache\camel\camel-seda\3.20.3\camel-seda-3.20.3.jar;C:\Users\002WLD744\.m2\repository\org\apache\camel\springboot\camel-stub-starter\3.20.3\camel-stub-starter-3.20.3.jar;C:\Users\002WLD744\.m2\repository\org\apache\camel\camel-stub\3.20.3\camel-stub-3.20.3.jar;C:\Users\002WLD744\.m2\repository\org\apache\camel\springboot\camel-timer-starter\3.20.3\camel-timer-starter-3.20.3.jar;C:\Users\002WLD744\.m2\repository\org\apache\camel\camel-timer\3.20.3\camel-timer-3.20.3.jar;C:\Users\002WLD744\.m2\repository\org\apache\camel\springboot\camel-validator-starter\3.20.3\camel-validator-starter-3.20.3.jar;C:\Users\002WLD744\.m2\repository\org\apache\camel\camel-validator\3.20.3\camel-validator-3.20.3.jar;C:\Users\002WLD744\.m2\repository\org\apache\camel\springboot\camel-vm-starter\3.20.3\camel-vm-starter-3.20.3.jar;C:\Users\002WLD744\.m2\repository\org\apache\camel\camel-vm\3.20.3\camel-vm-3.20.3.jar;C:\Users\002WLD744\.m2\repository\org\apache\camel\springboot\camel-xpath-starter\3.20.3\camel-xpath-starter-3.20.3.jar;C:\Users\002WLD744\.m2\repository\org\apache\camel\camel-xpath\3.20.3\camel-xpath-3.20.3.jar;C:\Users\002WLD744\.m2\repository\org\apache\camel\springboot\camel-xslt-starter\3.20.3\camel-xslt-starter-3.20.3.jar;C:\Users\002WLD744\.m2\repository\org\apache\camel\camel-xslt\3.20.3\camel-xslt-3.20.3.jar;C:\Users\002WLD744\.m2\repository\org\apache\camel\springboot\camel-xml-jaxp-starter\3.20.3\camel-xml-jaxp-starter-3.20.3.jar;C:\Users\002WLD744\.m2\repository\org\apache\camel\camel-xml-jaxp\3.20.3\camel-xml-jaxp-3.20.3.jar;C:\Users\002WLD744\.m2\repository\org\apache\camel\camel-xml-io-util\3.20.3\camel-xml-io-util-3.20.3.jar;C:\Users\002WLD744\.m2\repository\org\springframework\spring-test\4.3.10.RELEASE\spring-test-4.3.10.RELEASE.jar;C:\Users\002WLD744\.m2\repository\org\springframework\spring-core\5.3.26\spring-core-5.3.26.jar;C:\Users\002WLD744\.m2\repository\org\springframework\spring-jcl\5.3.26\spring-jcl-5.3.26.jar;"/>
    <property name="sun.cpu.endian" value="little"/>
    <property name="user.home" value="C:\Users\002WLD744"/>
    <property name="user.language" value="en"/>
    <property name="java.specification.vendor" value="Oracle Corporation"/>
    <property name="java.version.date" value="2022-04-22"/>
    <property name="java.home" value="C:\Users\002WLD744\Softwares\jdk-18.0.1.1"/>
    <property name="file.separator" value="\"/>
    <property name="basedir" value="C:\Users\002WLD744\Documents\DSB\camel-kafka-route"/>
    <property name="style.color" value="always"/>
    <property name="java.vm.compressedOopsMode" value="Zero based"/>
    <property name="line.separator" value="&#10;"/>
    <property name="java.vm.specification.vendor" value="Oracle Corporation"/>
    <property name="java.specification.name" value="Java Platform API Specification"/>
    <property name="surefire.real.class.path" value="C:\Users\002WLD~1\AppData\Local\Temp\surefire2762029551152778082\surefirebooter193089564471092761.jar"/>
    <property name="user.script" value=""/>
    <property name="sun.management.compiler" value="HotSpot 64-Bit Tiered Compilers"/>
    <property name="java.runtime.version" value="18.0.1.1+2-6"/>
    <property name="user.name" value="002WLD744"/>
    <property name="path.separator" value=";"/>
    <property name="os.version" value="10.0"/>
    <property name="java.runtime.name" value="Java(TM) SE Runtime Environment"/>
    <property name="file.encoding" value="UTF-8"/>
    <property name="java.vm.name" value="Java HotSpot(TM) 64-Bit Server VM"/>
    <property name="localRepository" value="C:\Users\002WLD744\.m2\repository"/>
    <property name="java.vendor.url.bug" value="https://bugreport.java.com/bugreport/"/>
    <property name="java.io.tmpdir" value="C:\Users\002WLD~1\AppData\Local\Temp\"/>
    <property name="java.version" value="18.0.1.1"/>
    <property name="user.dir" value="C:\Users\002WLD744\Documents\DSB\camel-kafka-route"/>
    <property name="os.arch" value="amd64"/>
    <property name="java.vm.specification.name" value="Java Virtual Machine Specification"/>
    <property name="sun.os.patch.level" value=""/>
    <property name="native.encoding" value="Cp1252"/>
    <property name="java.library.path" value="C:\Users\002WLD744\Softwares\jdk-18.0.1.1\bin;C:\WINDOWS\Sun\Java\bin;C:\WINDOWS\system32;C:\WINDOWS;C:/Users/002WLD744/Softwares/spring-tool-suite-4-4.13.0.RELEASE-e4.22.0-win32.win32.x86_64.self-extracting/contents/sts-4.13.0.RELEASE//plugins/org.eclipse.justj.openjdk.hotspot.jre.full.win32.x86_64_17.0.1.v20211116-1657/jre/bin/server;C:/Users/002WLD744/Softwares/spring-tool-suite-4-4.13.0.RELEASE-e4.22.0-win32.win32.x86_64.self-extracting/contents/sts-4.13.0.RELEASE//plugins/org.eclipse.justj.openjdk.hotspot.jre.full.win32.x86_64_17.0.1.v20211116-1657/jre/bin;C:\WINDOWS\system32;C:\WINDOWS;C:\WINDOWS\System32\Wbem;C:\WINDOWS\System32\WindowsPowerShell\v1.0\;C:\WINDOWS\System32\OpenSSH\;C:\Program Files\Git\cmd;C:\Program Files\Docker\Docker\resources\bin;C:\ProgramData\DockerDesktop\version-bin;C:\Program Files\nodejs\;C:\Program Files\MySQL\MySQL Shell 8.0\bin\;C:\Users\002WLD744\.jbang\bin;C:\Users\002WLD744\AppData\Local\Microsoft\WindowsApps;C:\Users\002WLD744\Softwares\jdk-18.0.1.1\bin;C:\Users\002WLD744\Softwares\apache-maven-3.8.4\bin;C:\Users\002WLD744\AppData\Local\Programs\Microsoft VS Code\bin;C:\Program Files\IBM\Cloud\bin;C:\Users\002WLD744\Softwares\minikube;C:\Program Files\JetBrains\IntelliJ IDEA Community Edition 2022.1.4\bin;C:\Users\002WLD744\Softwares\mongodb\bin;C:\Users\002WLD744\AppData\Roaming\npm;C:\Program Files\nodejs;;%USERPROFILE%\AppData\Local\Microsoft\WindowsApps;C:\Users\002WLD744\Softwares\spring-tool-suite-4-4.13.0.RELEASE-e4.22.0-win32.win32.x86_64.self-extracting\contents\sts-4.13.0.RELEASE;;."/>
    <property name="java.vm.info" value="mixed mode, sharing"/>
    <property name="java.vendor" value="Oracle Corporation"/>
    <property name="java.vm.version" value="18.0.1.1+2-6"/>
    <property name="sun.io.unicode.encoding" value="UnicodeLittle"/>
    <property name="java.class.version" value="62.0"/>
  </properties>
  <testcase name="testExecute" classname="com.ibm.UserControllerTest" time="0.004">
    <error message="&apos;void org.springframework.boot.SpringApplication.&lt;init&gt;(java.lang.Object[])&apos;" type="java.lang.NoSuchMethodError"><![CDATA[java.lang.NoSuchMethodError: 'void org.springframework.boot.SpringApplication.<init>(java.lang.Object[])'
]]></error>
    <system-out><![CDATA[21:13:57.975 [main] DEBUG org.springframework.test.context.junit4.SpringJUnit4ClassRunner - SpringJUnit4ClassRunner constructor called with [class com.ibm.UserControllerTest]
21:13:57.978 [main] DEBUG org.springframework.test.context.BootstrapUtils - Instantiating CacheAwareContextLoaderDelegate from class [org.springframework.test.context.cache.DefaultCacheAwareContextLoaderDelegate]
21:13:57.984 [main] DEBUG org.springframework.test.context.BootstrapUtils - Instantiating BootstrapContext using constructor [public org.springframework.test.context.support.DefaultBootstrapContext(java.lang.Class,org.springframework.test.context.CacheAwareContextLoaderDelegate)]
21:13:58.009 [main] DEBUG org.springframework.test.context.BootstrapUtils - Instantiating TestContextBootstrapper for test class [com.ibm.UserControllerTest] from class [org.springframework.boot.test.context.SpringBootTestContextBootstrapper]
21:13:58.020 [main] INFO org.springframework.boot.test.context.SpringBootTestContextBootstrapper - Neither @ContextConfiguration nor @ContextHierarchy found for test class [com.ibm.UserControllerTest], using SpringBootContextLoader
21:13:58.024 [main] DEBUG org.springframework.test.context.support.AbstractContextLoader - Did not detect default resource location for test class [com.ibm.UserControllerTest]: class path resource [com/ibm/UserControllerTest-context.xml] does not exist
21:13:58.024 [main] DEBUG org.springframework.test.context.support.AbstractContextLoader - Did not detect default resource location for test class [com.ibm.UserControllerTest]: class path resource [com/ibm/UserControllerTestContext.groovy] does not exist
21:13:58.024 [main] INFO org.springframework.test.context.support.AbstractContextLoader - Could not detect default resource locations for test class [com.ibm.UserControllerTest]: no resource found for suffixes {-context.xml, Context.groovy}.
21:13:58.025 [main] INFO org.springframework.test.context.support.AnnotationConfigContextLoaderUtils - Could not detect default configuration classes for test class [com.ibm.UserControllerTest]: UserControllerTest does not declare any static, non-private, non-final, nested classes annotated with @Configuration.
21:13:58.056 [main] DEBUG org.springframework.test.context.support.ActiveProfilesUtils - Could not find an 'annotation declaring class' for annotation type [org.springframework.test.context.ActiveProfiles] and class [com.ibm.UserControllerTest]
21:13:58.112 [main] DEBUG org.springframework.context.annotation.ClassPathScanningCandidateComponentProvider - Identified candidate component class: file [C:\Users\002WLD744\Documents\DSB\camel-kafka-route\target\classes\com\ibm\Application.class]
21:13:58.112 [main] INFO org.springframework.boot.test.context.SpringBootTestContextBootstrapper - Found @SpringBootConfiguration com.ibm.Application for test class com.ibm.UserControllerTest
21:13:58.116 [main] DEBUG org.springframework.boot.test.context.SpringBootTestContextBootstrapper - @TestExecutionListeners is not present for class [com.ibm.UserControllerTest]: using defaults.
21:13:58.117 [main] INFO org.springframework.boot.test.context.SpringBootTestContextBootstrapper - Loaded default TestExecutionListener class names from location [META-INF/spring.factories]: [org.springframework.boot.test.mock.mockito.MockitoTestExecutionListener, org.springframework.boot.test.mock.mockito.ResetMocksTestExecutionListener, org.springframework.test.context.web.ServletTestExecutionListener, org.springframework.test.context.support.DirtiesContextBeforeModesTestExecutionListener, org.springframework.test.context.support.DependencyInjectionTestExecutionListener, org.springframework.test.context.support.DirtiesContextTestExecutionListener, org.springframework.test.context.transaction.TransactionalTestExecutionListener, org.springframework.test.context.jdbc.SqlScriptsTestExecutionListener]
21:13:58.131 [main] INFO org.springframework.boot.test.context.SpringBootTestContextBootstrapper - Using TestExecutionListeners: [org.springframework.test.context.web.ServletTestExecutionListener@3e84448c, org.springframework.test.context.support.DirtiesContextBeforeModesTestExecutionListener@4a7f959b, org.springframework.test.context.support.DependencyInjectionTestExecutionListener@429bffaa, org.springframework.test.context.support.DirtiesContextTestExecutionListener@5403f35f, org.springframework.test.context.transaction.TransactionalTestExecutionListener@483f6d77, org.springframework.test.context.jdbc.SqlScriptsTestExecutionListener@7e5afaa6, org.springframework.boot.test.mock.mockito.MockitoTestExecutionListener@63a12c68, org.springframework.boot.test.mock.mockito.ResetMocksTestExecutionListener@28f3b248]
21:13:58.132 [main] DEBUG org.springframework.test.annotation.ProfileValueUtils - Retrieved @ProfileValueSourceConfiguration [null] for test class [com.ibm.UserControllerTest]
21:13:58.133 [main] DEBUG org.springframework.test.annotation.ProfileValueUtils - Retrieved ProfileValueSource type [class org.springframework.test.annotation.SystemProfileValueSource] for class [com.ibm.UserControllerTest]
21:13:58.133 [main] DEBUG org.springframework.test.annotation.ProfileValueUtils - Retrieved @ProfileValueSourceConfiguration [null] for test class [com.ibm.UserControllerTest]
21:13:58.133 [main] DEBUG org.springframework.test.annotation.ProfileValueUtils - Retrieved ProfileValueSource type [class org.springframework.test.annotation.SystemProfileValueSource] for class [com.ibm.UserControllerTest]
21:13:58.134 [main] DEBUG org.springframework.test.annotation.ProfileValueUtils - Retrieved @ProfileValueSourceConfiguration [null] for test class [com.ibm.UserControllerTest]
21:13:58.134 [main] DEBUG org.springframework.test.annotation.ProfileValueUtils - Retrieved ProfileValueSource type [class org.springframework.test.annotation.SystemProfileValueSource] for class [com.ibm.UserControllerTest]
21:13:58.135 [main] DEBUG org.springframework.test.annotation.ProfileValueUtils - Retrieved @ProfileValueSourceConfiguration [null] for test class [com.ibm.UserControllerTest]
21:13:58.135 [main] DEBUG org.springframework.test.annotation.ProfileValueUtils - Retrieved ProfileValueSource type [class org.springframework.test.annotation.SystemProfileValueSource] for class [com.ibm.UserControllerTest]
21:13:58.135 [main] DEBUG org.springframework.test.annotation.ProfileValueUtils - Retrieved @ProfileValueSourceConfiguration [null] for test class [com.ibm.UserControllerTest]
21:13:58.136 [main] DEBUG org.springframework.test.annotation.ProfileValueUtils - Retrieved ProfileValueSource type [class org.springframework.test.annotation.SystemProfileValueSource] for class [com.ibm.UserControllerTest]
21:13:58.140 [main] DEBUG org.springframework.test.context.support.AbstractDirtiesContextTestExecutionListener - Before test class: context [DefaultTestContext@58695725 testClass = UserControllerTest, testInstance = [null], testMethod = [null], testException = [null], mergedContextConfiguration = [WebMergedContextConfiguration@543588e6 testClass = UserControllerTest, locations = '{}', classes = '{class com.ibm.Application}', contextInitializerClasses = '[]', activeProfiles = '{}', propertySourceLocations = '{}', propertySourceProperties = '{org.springframework.boot.test.context.SpringBootTestContextBootstrapper=true}', contextCustomizers = set[org.springframework.boot.test.context.SpringBootTestContextCustomizer@2d3379b4, org.springframework.boot.test.context.filter.ExcludeFilterContextCustomizer@2b71e916, org.springframework.boot.test.mock.mockito.MockitoContextCustomizer@0], resourceBasePath = 'src/main/webapp', contextLoader = 'org.springframework.boot.test.context.SpringBootContextLoader', parent = [null]]], class annotated with @DirtiesContext [false] with mode [null].
21:13:58.141 [main] DEBUG org.springframework.test.annotation.ProfileValueUtils - Retrieved @ProfileValueSourceConfiguration [null] for test class [com.ibm.UserControllerTest]
21:13:58.141 [main] DEBUG org.springframework.test.annotation.ProfileValueUtils - Retrieved ProfileValueSource type [class org.springframework.test.annotation.SystemProfileValueSource] for class [com.ibm.UserControllerTest]
21:13:58.151 [main] ERROR org.springframework.test.context.TestContextManager - Caught exception while allowing TestExecutionListener [org.springframework.test.context.web.ServletTestExecutionListener@3e84448c] to prepare test instance [com.ibm.UserControllerTest@4dbb42b7]
java.lang.NoSuchMethodError: 'void org.springframework.boot.SpringApplication.<init>(java.lang.Object[])'
	at org.springframework.boot.test.context.SpringBootContextLoader.getSpringApplication(SpringBootContextLoader.java:121)
	at org.springframework.boot.test.context.SpringBootContextLoader.loadContext(SpringBootContextLoader.java:84)
	at org.springframework.test.context.cache.DefaultCacheAwareContextLoaderDelegate.loadContextInternal(DefaultCacheAwareContextLoaderDelegate.java:98)
	at org.springframework.test.context.cache.DefaultCacheAwareContextLoaderDelegate.loadContext(DefaultCacheAwareContextLoaderDelegate.java:116)
	at org.springframework.test.context.support.DefaultTestContext.getApplicationContext(DefaultTestContext.java:83)
	at org.springframework.test.context.web.ServletTestExecutionListener.setUpRequestContextIfNecessary(ServletTestExecutionListener.java:189)
	at org.springframework.test.context.web.ServletTestExecutionListener.prepareTestInstance(ServletTestExecutionListener.java:131)
	at org.springframework.test.context.TestContextManager.prepareTestInstance(TestContextManager.java:230)
	at org.springframework.test.context.junit4.SpringJUnit4ClassRunner.createTest(SpringJUnit4ClassRunner.java:228)
	at org.springframework.test.context.junit4.SpringJUnit4ClassRunner$1.runReflectiveCall(SpringJUnit4ClassRunner.java:287)
	at org.junit.internal.runners.model.ReflectiveCallable.run(ReflectiveCallable.java:12)
	at org.springframework.test.context.junit4.SpringJUnit4ClassRunner.methodBlock(SpringJUnit4ClassRunner.java:289)
	at org.springframework.test.context.junit4.SpringJUnit4ClassRunner.runChild(SpringJUnit4ClassRunner.java:247)
	at org.springframework.test.context.junit4.SpringJUnit4ClassRunner.runChild(SpringJUnit4ClassRunner.java:94)
	at org.junit.runners.ParentRunner$4.run(ParentRunner.java:331)
	at org.junit.runners.ParentRunner$1.schedule(ParentRunner.java:79)
	at org.junit.runners.ParentRunner.runChildren(ParentRunner.java:329)
	at org.junit.runners.ParentRunner.access$100(ParentRunner.java:66)
	at org.junit.runners.ParentRunner$2.evaluate(ParentRunner.java:293)
	at org.springframework.test.context.junit4.statements.RunBeforeTestClassCallbacks.evaluate(RunBeforeTestClassCallbacks.java:61)
	at org.springframework.test.context.junit4.statements.RunAfterTestClassCallbacks.evaluate(RunAfterTestClassCallbacks.java:70)
	at org.junit.runners.ParentRunner$3.evaluate(ParentRunner.java:306)
	at org.junit.runners.ParentRunner.run(ParentRunner.java:413)
	at org.springframework.test.context.junit4.SpringJUnit4ClassRunner.run(SpringJUnit4ClassRunner.java:191)
	at org.apache.maven.surefire.junit4.JUnit4Provider.execute(JUnit4Provider.java:365)
	at org.apache.maven.surefire.junit4.JUnit4Provider.executeWithRerun(JUnit4Provider.java:273)
	at org.apache.maven.surefire.junit4.JUnit4Provider.executeTestSet(JUnit4Provider.java:238)
	at org.apache.maven.surefire.junit4.JUnit4Provider.invoke(JUnit4Provider.java:159)
	at org.apache.maven.surefire.booter.ForkedBooter.invokeProviderInSameClassLoader(ForkedBooter.java:384)
	at org.apache.maven.surefire.booter.ForkedBooter.runSuitesInProcess(ForkedBooter.java:345)
	at org.apache.maven.surefire.booter.ForkedBooter.execute(ForkedBooter.java:126)
	at org.apache.maven.surefire.booter.ForkedBooter.main(ForkedBooter.java:418)
]]></system-out>
    <system-err><![CDATA[SLF4J: Class path contains multiple SLF4J bindings.
SLF4J: Found binding in [jar:file:/C:/Users/002WLD744/.m2/repository/ch/qos/logback/logback-classic/1.2.11/logback-classic-1.2.11.jar!/org/slf4j/impl/StaticLoggerBinder.class]
SLF4J: Found binding in [jar:file:/C:/Users/002WLD744/.m2/repository/org/slf4j/slf4j-reload4j/1.7.36/slf4j-reload4j-1.7.36.jar!/org/slf4j/impl/StaticLoggerBinder.class]
SLF4J: See http://www.slf4j.org/codes.html#multiple_bindings for an explanation.
SLF4J: Actual binding is of type [ch.qos.logback.classic.util.ContextSelectorStaticBinder]
]]></system-err>
  </testcase>
</testsuite>